[debug] [2022-10-17T15:10:25.638Z] ----------------------------------------------------------------------
[debug] [2022-10-17T15:10:25.639Z] Command:       C:\Program Files\nodejs\node.exe C:\Users\marcel\AppData\Roaming\npm\node_modules\firebase-tools\lib\bin\firebase.js init
[debug] [2022-10-17T15:10:25.640Z] CLI Version:   11.14.2
[debug] [2022-10-17T15:10:25.640Z] Platform:      win32
[debug] [2022-10-17T15:10:25.640Z] Node Version:  v16.15.0
[debug] [2022-10-17T15:10:25.641Z] Time:          Mon Oct 17 2022 17:10:25 GMT+0200 (Středoevropský letní čas)
[debug] [2022-10-17T15:10:25.641Z] ----------------------------------------------------------------------
[debug] 
[debug] [2022-10-17T15:10:25.645Z] >>> [apiv2][query] GET https://firebase-public.firebaseio.com/cli.json [none]
[debug] [2022-10-17T15:10:25.666Z] > command requires scopes: ["email","openid","https://www.googleapis.com/auth/cloudplatformprojects.readonly","https://www.googleapis.com/auth/firebase","https://www.googleapis.com/auth/cloud-platform"]
[debug] [2022-10-17T15:10:25.666Z] > authorizing via signed-in user (stolcml@gmail.com)
[info] 
     ######## #### ########  ######## ########     ###     ######  ########
     ##        ##  ##     ## ##       ##     ##  ##   ##  ##       ##
     ######    ##  ########  ######   ########  #########  ######  ######
     ##        ##  ##    ##  ##       ##     ## ##     ##       ## ##
     ##       #### ##     ## ######## ########  ##     ##  ######  ########

You're about to initialize a Firebase project in this directory:

  C:\Users\marcel\Desktop\ang\test2

[debug] [2022-10-17T15:10:25.991Z] <<< [apiv2][status] GET https://firebase-public.firebaseio.com/cli.json 200
[debug] [2022-10-17T15:10:25.992Z] <<< [apiv2][body] GET https://firebase-public.firebaseio.com/cli.json {"cloudBuildErrorAfter":1594252800000,"cloudBuildWarnAfter":1590019200000,"defaultNode10After":1594252800000,"minVersion":"3.0.5","node8DeploysDisabledAfter":1613390400000,"node8RuntimeDisabledAfter":1615809600000,"node8WarnAfter":1600128000000}
